<?xml version="1.0" encoding="UTF-8"?>
<testng-results ignored="0" total="1" passed="1" failed="0" skipped="0">
  <reporter-output>
  </reporter-output>
  <suite started-at="2024-08-28T07:07:04 PDT" name="Default suite" finished-at="2024-08-28T07:07:35 PDT" duration-ms="31197">
    <groups>
    </groups>
    <test started-at="2024-08-28T07:07:04 PDT" name="Default test" finished-at="2024-08-28T07:07:35 PDT" duration-ms="31197">
      <class name="com.multiframes.SwitchTo">
        <test-method signature="multiframe()[pri:0, instance:com.multiframes.SwitchTo@40ef3420]" started-at="2024-08-28T07:07:04 PDT" name="multiframe" finished-at="2024-08-28T07:07:35 PDT" duration-ms="31137" status="PASS">
          <reporter-output>
          </reporter-output>
        </test-method> <!-- multiframe -->
      </class> <!-- com.multiframes.SwitchTo -->
    </test> <!-- Default test -->
  </suite> <!-- Default suite -->
</testng-results>
